Start testing: Jul 24 18:46 EDT
----------------------------------------------------------
1/2 Testing: xacc_ATOSAcceleratorTester
1/2 Test: xacc_ATOSAcceleratorTester
Command: "/home/r09/xacc-atos/build/tests/ATOSAcceleratorTester"
Directory: /home/r09/xacc-atos/build/tests
"xacc_ATOSAcceleratorTester" start time: Jul 24 18:46 EDT
Output:
----------------------------------------------------------
[==========] Running 1 test from 1 test case.
[----------] Global test environment set-up.
[----------] 1 test from ATOSAcceleratorTester
[ RUN      ] ATOSAcceleratorTester.checkKernelExecution
[2018-07-24 18:46:47.219] [xacc-logger] [info] [1;34mInitializing the XACC Framework[0m
[2018-07-24 18:46:47.241] [xacc-logger] [info] [1;34mCreating XACC ServiceRegistry[0m
[2018-07-24 18:46:47.241] [xacc-logger] [info] [1;34mInitializing the ServiceRegistry[0m
[2018-07-24 18:46:47.241] [xacc-logger] [info] [1;34mSearching XACC Library Directory: /home/r09/.xacc/lib[0m
[2018-07-24 18:46:47.241] [xacc-logger] [info] [1;34mInstalled base plugin xacc-quantum-gate[0m
[2018-07-24 18:46:47.241] [xacc-logger] [info] [1;34mInstalled base plugin xacc-quantum-aqc[0m
[2018-07-24 18:46:47.241] [xacc-logger] [info] [1;34mXACC Plugin Path: /home/r09/.xacc/plugins[0m
[2018-07-24 18:46:47.241] [xacc-logger] [info] [1;34mStarting the C++ Microservices Framework.[0m
[2018-07-24 18:46:47.241] [xacc-logger] [info] [1;34m[xacc] Initializing XACC Framework.[0m
[2018-07-24 18:46:47.241] [xacc-logger] [info] [1;34m[xacc::plugins] XACC has 0 Compiler available.[0m
[2018-07-24 18:46:47.241] [xacc-logger] [info] [1;34m[xacc::plugins] XACC has 0 Accelerator available.[0m
Thrift: Tue Jul 24 18:46:47 2018 TSocket::open() connect() <Host: localhost Port: 21290>Connection refused
Thrift: Tue Jul 24 18:46:47 2018 TSocket::open() connect() <Host: localhost Port: 21290>Connection refused
unknown file: Failure
C++ exception with description "connect() failed: Connection refused" thrown in the test body.
[  FAILED  ] ATOSAcceleratorTester.checkKernelExecution (29 ms)
[----------] 1 test from ATOSAcceleratorTester (29 ms total)

[----------] Global test environment tear-down
[==========] 1 test from 1 test case ran. (29 ms total)
[  PASSED  ] 0 tests.
[  FAILED  ] 1 test, listed below:
[  FAILED  ] ATOSAcceleratorTester.checkKernelExecution

 1 FAILED TEST
<end of output>
Test time =   0.11 sec
----------------------------------------------------------
Test Failed.
"xacc_ATOSAcceleratorTester" end time: Jul 24 18:46 EDT
"xacc_ATOSAcceleratorTester" time elapsed: 00:00:00
----------------------------------------------------------

2/2 Testing: xacc_ATOSVisitorTester
2/2 Test: xacc_ATOSVisitorTester
Command: "/home/r09/xacc-atos/build/tests/ATOSVisitorTester"
Directory: /home/r09/xacc-atos/build/tests
"xacc_ATOSVisitorTester" start time: Jul 24 18:46 EDT
Output:
----------------------------------------------------------
[==========] Running 1 test from 1 test case.
[----------] Global test environment set-up.
[----------] 1 test from ATOSVisitorTester
[ RUN      ] ATOSVisitorTester.checkIRToATOS

ACTUAL:
X q[0]
Y q[0]
Z q[0]
I q[0]
H q[0]
CNOT q[1],q[2]
CNOT q[0],q[1]
H q[0]
RX[3.14159] q[0]
RY[3.14159] q[0]
RZ[3.14159] q[0]
SWAP q[1],q[2]
SWAP q[0],q[1]
CSIGN q[1],q[2]
CSIGN q[0],q[1]
MEAS q[0] c[0]
MEAS q[1] c[1]

EXPECTED:
X q[0]
Y q[0]
Z q[0]
I q[0]
H q[0]
CNOT q[1],q[2]
CNOT q[0],q[1]
H q[0]
RX[3.14159] q[0]
RY[3.14159] q[0]
RZ[3.14159] q[0]
SWAP q[1],q[2]
SWAP q[0],q[1]
CSIGN q[1],q[2]
CSIGN q[0],q[1]
MEAS q[0] c[0]
MEAS q[1] c[1]

[       OK ] ATOSVisitorTester.checkIRToATOS (1 ms)
[----------] 1 test from ATOSVisitorTester (1 ms total)

[----------] Global test environment tear-down
[==========] 1 test from 1 test case ran. (1 ms total)
[  PASSED  ] 1 test.
<end of output>
Test time =   0.03 sec
----------------------------------------------------------
Test Passed.
"xacc_ATOSVisitorTester" end time: Jul 24 18:46 EDT
"xacc_ATOSVisitorTester" time elapsed: 00:00:00
----------------------------------------------------------

End testing: Jul 24 18:46 EDT
